#
# A fatal error has been detected by the Java Runtime Environment:
#
#  EXCEPTION_ACCESS_VIOLATION (0xc0000005) at pc=0x000000006afaadc9, pid=5956, tid=0x0000000000000fc4
#
# JRE version: Java(TM) SE Runtime Environment (8.0_151-b12) (build 1.8.0_151-b12)
# Java VM: Java HotSpot(TM) 64-Bit Server VM (25.151-b12 mixed mode windows-amd64 compressed oops)
# Problematic frame:
# V  [jvm.dll+0x48adc9]
#
# Failed to write core dump. Minidumps are not enabled by default on client versions of Windows
#
# If you would like to submit a bug report, please visit:
#   http://bugreport.java.com/bugreport/crash.jsp
#

---------------  T H R E A D  ---------------

Current thread (0x0000000058b84800):  JavaThread "C2 CompilerThread0" daemon [_thread_in_native, id=4036, stack(0x00000000592c0000,0x00000000593c0000)]

siginfo: ExceptionCode=0xc0000005, reading address 0x00000000000000b0

Registers:
RAX=0x0000000000000000, RBX=0x0000000000000001, RCX=0x000000005ae49090, RDX=0x0000000000000000
RSP=0x00000000593bc200, RBP=0x00000000593bc258, RSI=0x0000000000000000, RDI=0xffffffffffffffff
R8 =0x0000000000000000, R9 =0x0000000000000000, R10=0xfbffeff7feffffdf, R11=0x0000000110000050
R12=0x000000005ae49090, R13=0x00000000593bc410, R14=0x00000000593bc2f8, R15=0x0000000000000000
RIP=0x000000006afaadc9, EFLAGS=0x0000000000010206

Top of Stack: (sp=0x00000000593bc200)
0x00000000593bc200:   0000000000000001 0000000000000000
0x00000000593bc210:   0000000000000001 00000000593bc258
0x00000000593bc220:   000033e4000000e0 0000000000000000
0x00000000593bc230:   0000000000000007 000000005cd8c4d0
0x00000000593bc240:   0000000058b834c0 000000005b938f80
0x00000000593bc250:   000000005b93c918 000000005b934930
0x00000000593bc260:   00000000593bc2f9 000000006afabc6c
0x00000000593bc270:   00000000593bc410 0000000000000268
0x00000000593bc280:   0000000058b834c0 000000005accee90
0x00000000593bc290:   0000000000000003 0000000059a8d238
0x00000000593bc2a0:   0000000000000000 0000000000000000
0x00000000593bc2b0:   0000000000000000 0000000000000000
0x00000000593bc2c0:   0000000000000000 0000000000000000
0x00000000593bc2d0:   0000000000000000 000000006afac967
0x00000000593bc2e0:   00000000593bc330 000000005accee90
0x00000000593bc2f0:   0000000000000003 000000006b198238 

Instructions: (pc=0x000000006afaadc9)
0x000000006afaada9:   cb 41 d3 e1 8b 0c 82 8b c1 41 0b c9 41 23 c1 42
0x000000006afaadb9:   89 0c 82 0f 85 7d 01 00 00 49 8b 04 24 49 8b cc
0x000000006afaadc9:   ff 90 b0 00 00 00 84 c0 74 6f 41 8b 44 24 28 41
0x000000006afaadd9:   3b 45 58 73 0c 8b c8 49 8b 45 68 4c 39 3c c8 75 


Register to memory mapping:

RAX=0x0000000000000000 is an unknown value
RBX=0x0000000000000001 is an unknown value
RCX=0x000000005ae49090 is an unknown value
RDX=0x0000000000000000 is an unknown value
RSP=0x00000000593bc200 is pointing into the stack for thread: 0x0000000058b84800
RBP=0x00000000593bc258 is pointing into the stack for thread: 0x0000000058b84800
RSI=0x0000000000000000 is an unknown value
RDI=0xffffffffffffffff is an unknown value
R8 =0x0000000000000000 is an unknown value
R9 =0x0000000000000000 is an unknown value
R10=0xfbffeff7feffffdf is an unknown value
R11=0x0000000110000050 is an unknown value
R12=0x000000005ae49090 is an unknown value
R13=0x00000000593bc410 is pointing into the stack for thread: 0x0000000058b84800
R14=0x00000000593bc2f8 is pointing into the stack for thread: 0x0000000058b84800
R15=0x0000000000000000 is an unknown value


Stack: [0x00000000592c0000,0x00000000593c0000],  sp=0x00000000593bc200,  free space=1008k
Native frames: (J=compiled Java code, j=interpreted, Vv=VM code, C=native code)
V  [jvm.dll+0x48adc9]
V  [jvm.dll+0x48bc6c]
V  [jvm.dll+0x48cbea]
V  [jvm.dll+0x47401c]
V  [jvm.dll+0x476a07]
V  [jvm.dll+0x459422]
V  [jvm.dll+0xa5be2]
V  [jvm.dll+0xa651f]
V  [jvm.dll+0x244adf]
V  [jvm.dll+0x29c3ea]
C  [msvcr100.dll+0x21d9f]
C  [msvcr100.dll+0x21e3b]
C  [kernel32.dll+0x159cd]
C  [ntdll.dll+0x5383d]


Current CompileTask:
C2:   4640 2733       4       java.net.URLClassLoader$1::run (5 bytes)


---------------  P R O C E S S  ---------------

Java Threads: ( => current thread )
  0x000000005b3b0000 JavaThread "pool-2-thread-1" [_thread_blocked, id=4180, stack(0x000000005c520000,0x000000005c620000)]
  0x0000000058bfe800 JavaThread "Service Thread" daemon [_thread_blocked, id=5152, stack(0x00000000594c0000,0x00000000595c0000)]
  0x0000000058b8c000 JavaThread "C1 CompilerThread2" daemon [_thread_blocked, id=4788, stack(0x0000000059650000,0x0000000059750000)]
  0x0000000058b8a000 JavaThread "C2 CompilerThread1" daemon [_thread_in_native, id=2648, stack(0x00000000593c0000,0x00000000594c0000)]
=>0x0000000058b84800 JavaThread "C2 CompilerThread0" daemon [_thread_in_native, id=4036, stack(0x00000000592c0000,0x00000000593c0000)]
  0x0000000058b82800 JavaThread "Attach Listener" daemon [_thread_blocked, id=3520, stack(0x0000000059100000,0x0000000059200000)]
  0x0000000057756000 JavaThread "Signal Dispatcher" daemon [_thread_blocked, id=3088, stack(0x0000000058fb0000,0x00000000590b0000)]
  0x000000005773a000 JavaThread "Finalizer" daemon [_thread_blocked, id=960, stack(0x0000000058a80000,0x0000000058b80000)]
  0x00000000576f2800 JavaThread "Reference Handler" daemon [_thread_blocked, id=1616, stack(0x0000000058930000,0x0000000058a30000)]
  0x000000000026e800 JavaThread "main" [_thread_in_Java, id=4692, stack(0x0000000002700000,0x0000000002800000)]

Other Threads:
  0x00000000576eb000 VMThread [stack: 0x0000000058790000,0x0000000058890000] [id=4460]
  0x0000000058bc0800 WatcherThread [stack: 0x0000000059760000,0x0000000059860000] [id=5176]

VM state:not at safepoint (normal execution)

VM Mutex/Monitor currently owned by a thread: None

Heap:
 PSYoungGen      total 81408K, used 38462K [0x00000000d5600000, 0x00000000db300000, 0x0000000100000000)
  eden space 72704K, 45% used [0x00000000d5600000,0x00000000d768f9e8,0x00000000d9d00000)
  from space 8704K, 58% used [0x00000000da580000,0x00000000daa80198,0x00000000dae00000)
  to   space 8704K, 0% used [0x00000000d9d00000,0x00000000d9d00000,0x00000000da580000)
 ParOldGen       total 66048K, used 6870K [0x0000000080200000, 0x0000000084280000, 0x00000000d5600000)
  object space 66048K, 10% used [0x0000000080200000,0x00000000808b5b68,0x0000000084280000)
 Metaspace       used 31748K, capacity 32194K, committed 32640K, reserved 1077248K
  class space    used 4345K, capacity 4457K, committed 4480K, reserved 1048576K

Card table byte_map: [0x0000000011e90000,0x0000000012290000] byte_map_base: 0x0000000011a8f000

Marking Bits: (ParMarkBitMap*) 0x000000006b33d850
 Begin Bits: [0x0000000012970000, 0x0000000014968000)
 End Bits:   [0x0000000014968000, 0x0000000016960000)

Polling page: 0x0000000000230000

CodeCache: size=245760Kb used=10514Kb max_used=10514Kb free=235245Kb
 bounds [0x0000000002ad0000, 0x0000000003520000, 0x0000000011ad0000]
 total_blobs=3453 nmethods=2977 adapters=389
 compilation: enabled

Compilation events (10 events):
Event: 4.479 Thread 0x0000000058b8c000 2928       1       org.hibernate.tuple.AbstractAttribute::getName (5 bytes)
Event: 4.479 Thread 0x0000000058b8c000 nmethod 2928 0x00000000034fe150 code [0x00000000034fe2a0, 0x00000000034fe3b0]
Event: 4.479 Thread 0x0000000058b8c000 2929       3       java.util.concurrent.ConcurrentHashMap$Traverser::advance (188 bytes)
Event: 4.480 Thread 0x0000000058b8c000 nmethod 2929 0x00000000034ff250 code [0x00000000034ff440, 0x0000000003500098]
Event: 4.480 Thread 0x0000000058b8c000 2930       3       java.util.HashSet::iterator (13 bytes)
Event: 4.480 Thread 0x0000000058b8c000 nmethod 2930 0x00000000034fdc10 code [0x00000000034fdd80, 0x00000000034fe058]
Event: 4.480 Thread 0x0000000058b8c000 2931       1       org.hibernate.tuple.entity.EntityMetamodel::getPropertySpan (5 bytes)
Event: 4.480 Thread 0x0000000058b8c000 nmethod 2931 0x00000000034fd950 code [0x00000000034fdaa0, 0x00000000034fdbb0]
Event: 4.481 Thread 0x0000000058b8a000 nmethod 2917 0x00000000035036d0 code [0x0000000003503840, 0x0000000003503ed8]
Event: 4.481 Thread 0x0000000058b8a000 2918 %     4       org.apache.maven.surefire.util.internal.StringUtils::escapeJavaStyleString @ 41 (565 bytes)

GC Heap History (10 events):
Event: 2.507 GC heap before
{Heap before GC invocations=5 (full 1):
 PSYoungGen      total 38400K, used 5094K [0x00000000d5600000, 0x00000000da100000, 0x0000000100000000)
  eden space 33280K, 0% used [0x00000000d5600000,0x00000000d5600000,0x00000000d7680000)
  from space 5120K, 99% used [0x00000000d7b80000,0x00000000d80799e0,0x00000000d8080000)
  to   space 5120K, 0% used [0x00000000d7680000,0x00000000d7680000,0x00000000d7b80000)
 ParOldGen       total 87552K, used 3920K [0x0000000080200000, 0x0000000085780000, 0x00000000d5600000)
  object space 87552K, 4% used [0x0000000080200000,0x00000000805d4328,0x0000000085780000)
 Metaspace       used 20743K, capacity 21080K, committed 21248K, reserved 1067008K
  class space    used 2896K, capacity 2978K, committed 3072K, reserved 1048576K
Event: 2.567 GC heap after
Heap after GC invocations=5 (full 1):
 PSYoungGen      total 38400K, used 0K [0x00000000d5600000, 0x00000000da100000, 0x0000000100000000)
  eden space 33280K, 0% used [0x00000000d5600000,0x00000000d5600000,0x00000000d7680000)
  from space 5120K, 0% used [0x00000000d7b80000,0x00000000d7b80000,0x00000000d8080000)
  to   space 5120K, 0% used [0x00000000d7680000,0x00000000d7680000,0x00000000d7b80000)
 ParOldGen       total 66048K, used 6846K [0x0000000080200000, 0x0000000084280000, 0x00000000d5600000)
  object space 66048K, 10% used [0x0000000080200000,0x00000000808afb68,0x0000000084280000)
 Metaspace       used 20743K, capacity 21080K, committed 21248K, reserved 1067008K
  class space    used 2896K, capacity 2978K, committed 3072K, reserved 1048576K
}
Event: 3.272 GC heap before
{Heap before GC invocations=6 (full 1):
 PSYoungGen      total 38400K, used 33280K [0x00000000d5600000, 0x00000000da100000, 0x0000000100000000)
  eden space 33280K, 100% used [0x00000000d5600000,0x00000000d7680000,0x00000000d7680000)
  from space 5120K, 0% used [0x00000000d7b80000,0x00000000d7b80000,0x00000000d8080000)
  to   space 5120K, 0% used [0x00000000d7680000,0x00000000d7680000,0x00000000d7b80000)
 ParOldGen       total 66048K, used 6846K [0x0000000080200000, 0x0000000084280000, 0x00000000d5600000)
  object space 66048K, 10% used [0x0000000080200000,0x00000000808afb68,0x0000000084280000)
 Metaspace       used 25508K, capacity 25918K, committed 26240K, reserved 1071104K
  class space    used 3555K, capacity 3673K, committed 3712K, reserved 1048576K
Event: 3.278 GC heap after
Heap after GC invocations=6 (full 1):
 PSYoungGen      total 38400K, used 4072K [0x00000000d5600000, 0x00000000d9100000, 0x0000000100000000)
  eden space 33280K, 0% used [0x00000000d5600000,0x00000000d5600000,0x00000000d7680000)
  from space 5120K, 79% used [0x00000000d7680000,0x00000000d7a7a398,0x00000000d7b80000)
  to   space 8704K, 0% used [0x00000000d8880000,0x00000000d8880000,0x00000000d9100000)
 ParOldGen       total 66048K, used 6854K [0x0000000080200000, 0x0000000084280000, 0x00000000d5600000)
  object space 66048K, 10% used [0x0000000080200000,0x00000000808b1b68,0x0000000084280000)
 Metaspace       used 25508K, capacity 25918K, committed 26240K, reserved 1071104K
  class space    used 3555K, capacity 3673K, committed 3712K, reserved 1048576K
}
Event: 3.519 GC heap before
{Heap before GC invocations=7 (full 1):
 PSYoungGen      total 38400K, used 37352K [0x00000000d5600000, 0x00000000d9100000, 0x0000000100000000)
  eden space 33280K, 100% used [0x00000000d5600000,0x00000000d7680000,0x00000000d7680000)
  from space 5120K, 79% used [0x00000000d7680000,0x00000000d7a7a398,0x00000000d7b80000)
  to   space 8704K, 0% used [0x00000000d8880000,0x00000000d8880000,0x00000000d9100000)
 ParOldGen       total 66048K, used 6854K [0x0000000080200000, 0x0000000084280000, 0x00000000d5600000)
  object space 66048K, 10% used [0x0000000080200000,0x00000000808b1b68,0x0000000084280000)
 Metaspace       used 27137K, capacity 27562K, committed 27776K, reserved 1073152K
  class space    used 3783K, capacity 3899K, committed 3968K, reserved 1048576K
Event: 3.527 GC heap after
Heap after GC invocations=7 (full 1):
 PSYoungGen      total 51712K, used 3002K [0x00000000d5600000, 0x00000000d9480000, 0x0000000100000000)
  eden space 43008K, 0% used [0x00000000d5600000,0x00000000d5600000,0x00000000d8000000)
  from space 8704K, 34% used [0x00000000d8880000,0x00000000d8b6e9f0,0x00000000d9100000)
  to   space 8704K, 0% used [0x00000000d8000000,0x00000000d8000000,0x00000000d8880000)
 ParOldGen       total 66048K, used 6862K [0x0000000080200000, 0x0000000084280000, 0x00000000d5600000)
  object space 66048K, 10% used [0x0000000080200000,0x00000000808b3b68,0x0000000084280000)
 Metaspace       used 27137K, capacity 27562K, committed 27776K, reserved 1073152K
  class space    used 3783K, capacity 3899K, committed 3968K, reserved 1048576K
}
Event: 3.733 GC heap before
{Heap before GC invocations=8 (full 1):
 PSYoungGen      total 51712K, used 46010K [0x00000000d5600000, 0x00000000d9480000, 0x0000000100000000)
  eden space 43008K, 100% used [0x00000000d5600000,0x00000000d8000000,0x00000000d8000000)
  from space 8704K, 34% used [0x00000000d8880000,0x00000000d8b6e9f0,0x00000000d9100000)
  to   space 8704K, 0% used [0x00000000d8000000,0x00000000d8000000,0x00000000d8880000)
 ParOldGen       total 66048K, used 6862K [0x0000000080200000, 0x0000000084280000, 0x00000000d5600000)
  object space 66048K, 10% used [0x0000000080200000,0x00000000808b3b68,0x0000000084280000)
 Metaspace       used 27433K, capacity 27862K, committed 28032K, reserved 1073152K
  class space    used 3812K, capacity 3933K, committed 3968K, reserved 1048576K
Event: 3.773 GC heap after
Heap after GC invocations=8 (full 1):
 PSYoungGen      total 51712K, used 2084K [0x00000000d5600000, 0x00000000dae00000, 0x0000000100000000)
  eden space 43008K, 0% used [0x00000000d5600000,0x00000000d5600000,0x00000000d8000000)
  from space 8704K, 23% used [0x00000000d8000000,0x00000000d8209020,0x00000000d8880000)
  to   space 8704K, 0% used [0x00000000da580000,0x00000000da580000,0x00000000dae00000)
 ParOldGen       total 66048K, used 6862K [0x0000000080200000, 0x0000000084280000, 0x00000000d5600000)
  object space 66048K, 10% used [0x0000000080200000,0x00000000808b3b68,0x0000000084280000)
 Metaspace       used 27433K, capacity 27862K, committed 28032K, reserved 1073152K
  class space    used 3812K, capacity 3933K, committed 3968K, reserved 1048576K
}
Event: 4.292 GC heap before
{Heap before GC invocations=9 (full 1):
 PSYoungGen      total 51712K, used 45092K [0x00000000d5600000, 0x00000000dae00000, 0x0000000100000000)
  eden space 43008K, 100% used [0x00000000d5600000,0x00000000d8000000,0x00000000d8000000)
  from space 8704K, 23% used [0x00000000d8000000,0x00000000d8209020,0x00000000d8880000)
  to   space 8704K, 0% used [0x00000000da580000,0x00000000da580000,0x00000000dae00000)
 ParOldGen       total 66048K, used 6862K [0x0000000080200000, 0x0000000084280000, 0x00000000d5600000)
  object space 66048K, 10% used [0x0000000080200000,0x00000000808b3b68,0x0000000084280000)
 Metaspace       used 30887K, capacity 31288K, committed 31488K, reserved 1077248K
  class space    used 4219K, capacity 4326K, committed 4352K, reserved 1048576K
Event: 4.439 GC heap after
Heap after GC invocations=9 (full 1):
 PSYoungGen      total 81408K, used 5120K [0x00000000d5600000, 0x00000000db300000, 0x0000000100000000)
  eden space 72704K, 0% used [0x00000000d5600000,0x00000000d5600000,0x00000000d9d00000)
  from space 8704K, 58% used [0x00000000da580000,0x00000000daa80198,0x00000000dae00000)
  to   space 8704K, 0% used [0x00000000d9d00000,0x00000000d9d00000,0x00000000da580000)
 ParOldGen       total 66048K, used 6870K [0x0000000080200000, 0x0000000084280000, 0x00000000d5600000)
  object space 66048K, 10% used [0x0000000080200000,0x00000000808b5b68,0x0000000084280000)
 Metaspace       used 30887K, capacity 31288K, committed 31488K, reserved 1077248K
  class space    used 4219K, capacity 4326K, committed 4352K, reserved 1048576K
}

Deoptimization events (10 events):
Event: 2.977 Thread 0x000000000026e800 Uncommon trap: reason=class_check action=maybe_recompile pc=0x0000000002ee391c method=java.util.regex.Pattern$Start.match(Ljava/util/regex/Matcher;ILjava/lang/CharSequence;)Z @ 44
Event: 2.977 Thread 0x000000000026e800 Uncommon trap: reason=bimorphic action=maybe_recompile pc=0x0000000002e46bd4 method=java.util.regex.Pattern$BmpCharProperty.match(Ljava/util/regex/Matcher;ILjava/lang/CharSequence;)Z @ 31
Event: 2.977 Thread 0x000000000026e800 Uncommon trap: reason=class_check action=maybe_recompile pc=0x0000000002ee391c method=java.util.regex.Pattern$Start.match(Ljava/util/regex/Matcher;ILjava/lang/CharSequence;)Z @ 44
Event: 3.101 Thread 0x000000000026e800 Uncommon trap: reason=unstable_if action=reinterpret pc=0x0000000002ddd5d0 method=java.lang.String$CaseInsensitiveComparator.compare(Ljava/lang/String;Ljava/lang/String;)I @ 70
Event: 3.234 Thread 0x000000000026e800 Uncommon trap: reason=unstable_if action=reinterpret pc=0x0000000002d05f54 method=java.io.WinNTFileSystem.normalize(Ljava/lang/String;)Ljava/lang/String; @ 128
Event: 3.234 Thread 0x000000000026e800 Uncommon trap: reason=unstable_if action=reinterpret pc=0x00000000031dad20 method=java.io.WinNTFileSystem.normalize(Ljava/lang/String;II)Ljava/lang/String; @ 8
Event: 3.946 Thread 0x000000000026e800 Uncommon trap: reason=unstable_if action=reinterpret pc=0x000000000326976c method=sun.nio.cs.SingleByte$Encoder.encodeArrayLoop(Ljava/nio/CharBuffer;Ljava/nio/ByteBuffer;)Ljava/nio/charset/CoderResult; @ 70
Event: 3.946 Thread 0x000000000026e800 Uncommon trap: reason=unstable_if action=reinterpret pc=0x0000000003381e44 method=java.nio.charset.CoderResult.isUnderflow()Z @ 4
Event: 3.946 Thread 0x000000000026e800 Uncommon trap: reason=unstable_if action=reinterpret pc=0x0000000003389258 method=org.apache.maven.surefire.util.internal.StringUtils.escapeJavaStyleString([BI[BII)I @ 60
Event: 3.946 Thread 0x000000000026e800 Uncommon trap: reason=unstable_if action=reinterpret pc=0x0000000003353130 method=org.apache.maven.surefire.util.internal.StringUtils.escapeJavaStyleString([BI[BII)I @ 60

Internal exceptions (10 events):
Event: 0.741 Thread 0x000000000026e800 Exception <a 'java/lang/ArrayIndexOutOfBoundsException': 104> (0x00000000d6e13a28) thrown at [C:\re\workspace\8-2-build-windows-amd64-cygwin\jdk8u151\9699\hotspot\src\share\vm\interpreter\interpreterRuntime.cpp, line 366]
Event: 0.930 Thread 0x000000000026e800 Exception <a 'java/lang/NoSuchFieldError': method resolution failed> (0x00000000d567b7d8) thrown at [C:\re\workspace\8-2-build-windows-amd64-cygwin\jdk8u151\9699\hotspot\src\share\vm\prims\methodHandles.cpp, line 1146]
Event: 0.931 Thread 0x000000000026e800 Exception <a 'java/lang/NoSuchFieldError': method resolution failed> (0x00000000d5689488) thrown at [C:\re\workspace\8-2-build-windows-amd64-cygwin\jdk8u151\9699\hotspot\src\share\vm\prims\methodHandles.cpp, line 1146]
Event: 1.148 Thread 0x000000000026e800 Exception <a 'java/lang/ClassNotFoundException': com/sun/org/glassfish/hk2/osgiresourcelocator/ServiceLoader> (0x00000000d6484ff0) thrown at [C:\re\workspace\8-2-build-windows-amd64-cygwin\jdk8u151\9699\hotspot\src\share\vm\classfile\systemDictionary.cpp,
Event: 1.151 Thread 0x000000000026e800 Exception <a 'java/lang/NullPointerException'> (0x00000000d64910c0) thrown at [C:\re\workspace\8-2-build-windows-amd64-cygwin\jdk8u151\9699\hotspot\src\share\vm\interpreter\linkResolver.cpp, line 1285]
Event: 1.159 Thread 0x000000000026e800 Implicit null exception at 0x0000000002d7870b to 0x0000000002d78c49
Event: 1.328 Thread 0x000000000026e800 Implicit null exception at 0x0000000002d39209 to 0x0000000002d395a9
Event: 1.465 Thread 0x000000000026e800 Implicit null exception at 0x0000000002c9bb46 to 0x0000000002c9becd
Event: 1.634 Thread 0x000000000026e800 Exception <a 'java/lang/ClassNotFoundException': com/sun/org/glassfish/hk2/osgiresourcelocator/ServiceLoader> (0x00000000d7494c50) thrown at [C:\re\workspace\8-2-build-windows-amd64-cygwin\jdk8u151\9699\hotspot\src\share\vm\classfile\systemDictionary.cpp,
Event: 3.120 Thread 0x000000000026e800 Exception <a 'java/lang/reflect/InvocationTargetException'> (0x00000000d70fe308) thrown at [C:\re\workspace\8-2-build-windows-amd64-cygwin\jdk8u151\9699\hotspot\src\share\vm\runtime\reflection.cpp, line 1092]

Events (10 events):
Event: 4.480 loading class org/hibernate/sql/Select
Event: 4.480 loading class org/hibernate/sql/Select done
Event: 4.481 loading class org/hibernate/persister/entity/AbstractEntityPersister$2
Event: 4.481 loading class org/hibernate/persister/entity/AbstractEntityPersister$2 done
Event: 4.481 loading class org/hibernate/sql/SelectFragment
Event: 4.481 loading class org/hibernate/sql/SelectFragment done
Event: 4.483 loading class org/hibernate/sql/JoinType
Event: 4.483 loading class org/hibernate/sql/JoinType done
Event: 4.485 loading class org/hibernate/dialect/identity/PostgreSQL81IdentityColumnSupport
Event: 4.485 loading class org/hibernate/dialect/identity/PostgreSQL81IdentityColumnSupport done


Dynamic libraries:
0x000000013ff30000 - 0x000000013ff67000 	C:\Program Files\Java\jdk1.8.0_151\jre\bin\java.exe
0x0000000077c80000 - 0x0000000077e1f000 	C:\Windows\SYSTEM32\ntdll.dll
0x0000000077a60000 - 0x0000000077b7f000 	C:\Windows\system32\kernel32.dll
0x000007fefdbe0000 - 0x000007fefdc4a000 	C:\Windows\system32\KERNELBASE.dll
0x000007fefea30000 - 0x000007fefeb0b000 	C:\Windows\system32\ADVAPI32.dll
0x000007feffe00000 - 0x000007feffe9f000 	C:\Windows\system32\msvcrt.dll
0x000007fefeca0000 - 0x000007fefecbf000 	C:\Windows\SYSTEM32\sechost.dll
0x000007feffb40000 - 0x000007feffc6d000 	C:\Windows\system32\RPCRT4.dll
0x0000000077b80000 - 0x0000000077c7a000 	C:\Windows\system32\USER32.dll
0x000007feffd80000 - 0x000007feffde7000 	C:\Windows\system32\GDI32.dll
0x000007feffdf0000 - 0x000007feffdfe000 	C:\Windows\system32\LPK.dll
0x000007fefecc0000 - 0x000007fefed8b000 	C:\Windows\system32\USP10.dll
0x000007fefc480000 - 0x000007fefc674000 	C:\Windows\WinSxS\amd64_microsoft.windows.common-controls_6595b64144ccf1df_6.0.7601.18837_none_fa3b1e3d17594757\COMCTL32.dll
0x000007feffef0000 - 0x000007fefff61000 	C:\Windows\system32\SHLWAPI.dll
0x000007fefe1d0000 - 0x000007fefe1fe000 	C:\Windows\system32\IMM32.DLL
0x000007feffc70000 - 0x000007feffd79000 	C:\Windows\system32\MSCTF.dll
0x0000000073140000 - 0x0000000073212000 	C:\Program Files\Java\jdk1.8.0_151\jre\bin\msvcr100.dll
0x000000006ab20000 - 0x000000006b3bd000 	C:\Program Files\Java\jdk1.8.0_151\jre\bin\server\jvm.dll
0x000007fefabd0000 - 0x000007fefabd9000 	C:\Windows\system32\WSOCK32.dll
0x000007feffea0000 - 0x000007feffeed000 	C:\Windows\system32\WS2_32.dll
0x000007fefe800000 - 0x000007fefe808000 	C:\Windows\system32\NSI.dll
0x000007fef9630000 - 0x000007fef966b000 	C:\Windows\system32\WINMM.dll
0x000007fefc9c0000 - 0x000007fefc9cc000 	C:\Windows\system32\VERSION.dll
0x0000000077e30000 - 0x0000000077e37000 	C:\Windows\system32\PSAPI.DLL
0x00000000753e0000 - 0x00000000753ef000 	C:\Program Files\Java\jdk1.8.0_151\jre\bin\verify.dll
0x0000000073110000 - 0x0000000073139000 	C:\Program Files\Java\jdk1.8.0_151\jre\bin\java.dll
0x00000000753c0000 - 0x00000000753d6000 	C:\Program Files\Java\jdk1.8.0_151\jre\bin\zip.dll
0x000007fefedb0000 - 0x000007feffb3b000 	C:\Windows\system32\SHELL32.dll
0x000007fefdfd0000 - 0x000007fefe1cd000 	C:\Windows\system32\ole32.dll
0x000007fefd960000 - 0x000007fefd96f000 	C:\Windows\system32\profapi.dll
0x0000000075400000 - 0x000000007540d000 	C:\Program Files\Java\jdk1.8.0_151\jre\bin\management.dll
0x00000000717d0000 - 0x00000000717ea000 	C:\Program Files\Java\jdk1.8.0_151\jre\bin\net.dll
0x000007fefd120000 - 0x000007fefd175000 	C:\Windows\system32\mswsock.dll
0x000007fefd110000 - 0x000007fefd117000 	C:\Windows\System32\wship6.dll
0x000007fefb910000 - 0x000007fefb925000 	C:\Windows\system32\NLAapi.dll
0x000007fef7ca0000 - 0x000007fef7cb5000 	C:\Windows\system32\napinsp.dll
0x000007fef58a0000 - 0x000007fef58b9000 	C:\Windows\system32\pnrpnsp.dll
0x000007fefcfa0000 - 0x000007fefcffb000 	C:\Windows\system32\DNSAPI.dll
0x000007fef7b60000 - 0x000007fef7b6b000 	C:\Windows\System32\winrnr.dll
0x000007fef7a20000 - 0x000007fef7a4f000 	C:\Program Files\Common Files\Microsoft Shared\Windows Live\WLIDNSP.DLL
0x000007fefcab0000 - 0x000007fefcab7000 	C:\Windows\System32\wshtcpip.dll
0x000007fefb140000 - 0x000007fefb167000 	C:\Windows\system32\IPHLPAPI.DLL
0x000007fefb1e0000 - 0x000007fefb1eb000 	C:\Windows\system32\WINNSI.DLL
0x000007fef7a10000 - 0x000007fef7a18000 	C:\Windows\system32\rasadhlp.dll
0x000007fefb180000 - 0x000007fefb1d3000 	C:\Windows\System32\fwpuclnt.dll
0x0000000071a70000 - 0x0000000071a81000 	C:\Program Files\Java\jdk1.8.0_151\jre\bin\nio.dll
0x000007fefd180000 - 0x000007fefd198000 	C:\Windows\system32\CRYPTSP.dll
0x000007fefce80000 - 0x000007fefcec7000 	C:\Windows\system32\rsaenh.dll
0x000007fefdcf0000 - 0x000007fefdd0e000 	C:\Windows\system32\USERENV.dll
0x000007fefd7f0000 - 0x000007fefd7ff000 	C:\Windows\system32\CRYPTBASE.dll
0x000007fefb0b0000 - 0x000007fefb0c1000 	C:\Windows\system32\dhcpcsvc6.DLL
0x000007fefb090000 - 0x000007fefb0a8000 	C:\Windows\system32\dhcpcsvc.DLL
0x000007fef7b70000 - 0x000007fef7c95000 	C:\Windows\system32\dbghelp.dll

VM Arguments:
java_command: D:\Мои документы\NetBeansProjects\organizer\target\surefire\surefirebooter8812395096623361580.jar D:\Мои документы\NetBeansProjects\organizer\target\surefire\surefire6655741446704304276tmp D:\Мои документы\NetBeansProjects\organizer\target\surefire\surefire_06937317043480860623tmp
java_class_path (initial): D:\Мои документы\NetBeansProjects\organizer\target\surefire\surefirebooter8812395096623361580.jar
Launcher Type: SUN_STANDARD

Environment Variables:
JAVA_HOME=C:\Program Files\Java\jdk1.8.0_151
CLASSPATH=.;
PATH=C:\ProgramData\Oracle\Java\javapath;D:\app\sterie\product\11.2.0\client_1\bin;C:\Program Files (x86)\NVIDIA Corporation\PhysX\Common;C:\Program Files\Common Files\Microsoft Shared\Windows Live;C:\Program Files (x86)\Common Files\Microsoft Shared\Windows Live;C:\Program Files (x86)\AMD APP\bin\x86_64;C:\Program Files (x86)\AMD APP\bin\x86;C:\Windows\system32;C:\Windows;C:\Windows\System32\Wbem;C:\Program Files (x86)\ATI Technologies\ATI.ACE\Core-Static;C:\Program Files (x86)\Common Files\Acronis\SnapAPI\;C:\Windows\System32\WindowsPowerShell\v1.0\;C:\Windows\System32\WindowsPowerShell\v1.0\;C:\Program Files\Internet Explorer;C:\Program Files (x86)\AMD\ATI.ACE\Core-Static;C:\FPC\2.6.4\bin\i386-Win32;C:\Program Files (x86)\Windows Live\Shared;C:\Program Files (x86)\Microsoft Visual Studio 9.0\Common7\IDE\PrivateAssemblies\;C:\Program Files\TortoiseSVN\bin;C:\Windows\System32\WindowsPowerShell\v1.0\;C:\Program Files\OpenVPN\bin;C:\Program Files\apache-maven-3.2.2\bin;C:\Program Files (x86)\Windows Kits\8.1\Windows Performance Toolkit\;C:\Users\sterie\AppData\Roaming\nvm;C:\Program Files\nodejs;C:\Program Files\Calibre2\;C:\Program Files\Java\jdk1.8.0_60\bin;C:\Users\sterie\AppData\Roaming\npm;C:\Program Files\Microsoft VS Code\bin;C:\Users\sterie\AppData\Roaming\nvm;C:\Program Files\nodejs
USERNAME=sterie
OS=Windows_NT
PROCESSOR_IDENTIFIER=Intel64 Family 6 Model 37 Stepping 2, GenuineIntel



---------------  S Y S T E M  ---------------

OS: Windows 7 , 64 bit Build 7601 (6.1.7601.24094)

CPU:total 4 (initial active 4) (2 cores per cpu, 2 threads per core) family 6 model 37 stepping 2, cmov, cx8, fxsr, mmx, sse, sse2, sse3, ssse3, sse4.1, sse4.2, popcnt, ht, tsc, tscinvbit

Memory: 4k page, physical 8379504k(1227524k free), swap 16757132k(7297396k free)

vm_info: Java HotSpot(TM) 64-Bit Server VM (25.151-b12) for windows-amd64 JRE (1.8.0_151-b12), built on Sep  5 2017 19:33:46 by "java_re" with MS VC++ 10.0 (VS2010)

time: Fri May 11 18:35:55 2018
elapsed time: 4 seconds (0d 0h 0m 4s)

